
***ALIGNMENT  1 ***
RefSeq ID:  CP036474.1
HSP#	Score	BitSc	Gaps	Eval
1:	2406.0	2170.74	0	0.0
2:	72.0	66.2076	0	3.69197e-06

***ALIGNMENT  2 ***
RefSeq ID:  CP033475.1
HSP#	Score	BitSc	Gaps	Eval
1:	2406.0	2170.74	0	0.0
2:	72.0	66.2076	0	3.69197e-06

***ALIGNMENT  3 ***
RefSeq ID:  CP033492.1
HSP#	Score	BitSc	Gaps	Eval
1:	2406.0	2170.74	0	0.0
2:	72.0	66.2076	0	3.69197e-06

***ALIGNMENT  4 ***
RefSeq ID:  CP029160.1
HSP#	Score	BitSc	Gaps	Eval
1:	2406.0	2170.74	0	0.0
2:	72.0	66.2076	0	3.69197e-06

***ALIGNMENT  5 ***
RefSeq ID:  CP026299.1
HSP#	Score	BitSc	Gaps	Eval
1:	2406.0	2170.74	0	0.0
2:	72.0	66.2076	0	3.69197e-06
